<?xml version="1.0" encoding="UTF-8"?>
<!-- Generated by org.testng.reporters.JUnitXMLReporter -->
<testsuite ignored="2" hostname="DESKTOP-CVGL8I0" failures="0" tests="1" name="Default test" time="11.088" errors="0" timestamp="2025-09-18T23:00:20 IST">
  <testcase classname="TextExecution.SigninExecutionclass" name="signinpage" time="4.583"/>
  <testcase classname="TextExecution.SigninExecutionclass" name="signinloginwithotp" time="0.0">
    <ignored/>
  </testcase> <!-- signinloginwithotp -->
  <testcase classname="TextExecution.SigninExecutionclass" name="signinwithinvalidpassword" time="0.0">
    <ignored/>
  </testcase> <!-- signinwithinvalidpassword -->
</testsuite> <!-- Default test -->
