<?xml version="1.0" encoding="UTF-8"?>
<!-- Generated by org.testng.reporters.JUnitXMLReporter -->
<testsuite ignored="3" hostname="Active34" failures="0" tests="1" name="Default test" time="12.315" errors="0" timestamp="2025-12-18T10:35:36 IST">
  <testcase classname="TextExecution.orderhomepageExecutionclass" name="ownerorderselectvendor" time="10.084"/>
  <testcase classname="TextExecution.orderhomepageExecutionclass" name="orderlistallstatusdropdownfunctionality" time="0.0">
    <ignored/>
  </testcase> <!-- orderlistallstatusdropdownfunctionality -->
  <testcase classname="TextExecution.orderhomepageExecutionclass" name="Buyerorderselectvendor" time="0.0">
    <ignored/>
  </testcase> <!-- Buyerorderselectvendor -->
  <testcase classname="TextExecution.orderhomepageExecutionclass" name="orderlistsearchfunctionality" time="0.0">
    <ignored/>
  </testcase> <!-- orderlistsearchfunctionality -->
</testsuite> <!-- Default test -->
