<?xml version="1.0" encoding="UTF-8"?>
<!-- Generated by org.testng.reporters.JUnitXMLReporter -->
<testsuite ignored="2" hostname="Active34" failures="0" tests="1" name="Default test" time="34.919" errors="0" timestamp="2025-12-17T15:27:54 IST">
  <testcase classname="TextExecution.negotiationexecutionclass" name="Expressinterest" time="32.664"/>
  <testcase classname="TextExecution.negotiationexecutionclass" name="NegotiatorNegotiation" time="0.0">
    <ignored/>
  </testcase> <!-- NegotiatorNegotiation -->
  <testcase classname="TextExecution.negotiationexecutionclass" name="OwnerNegotiation" time="0.0">
    <ignored/>
  </testcase> <!-- OwnerNegotiation -->
</testsuite> <!-- Default test -->
