<?xml version="1.0" encoding="UTF-8"?>
<!-- Generated by org.testng.reporters.JUnitXMLReporter -->
<testsuite ignored="1" hostname="Active34" failures="0" tests="1" name="Default test" time="100.543" errors="0" timestamp="2025-12-16T17:30:37 IST">
  <testcase classname="TextExecution.createlistingExecutionclass" name="createlistingpage" time="93.081"/>
  <testcase classname="TextExecution.createlistingExecutionclass" name="createprivatemineslistingpage" time="0.0">
    <ignored/>
  </testcase> <!-- createprivatemineslistingpage -->
</testsuite> <!-- Default test -->
