<?xml version="1.0" encoding="UTF-8"?>
<!-- Generated by org.testng.reporters.JUnitXMLReporter -->
<testsuite ignored="6" hostname="Active34" failures="0" tests="1" name="Default test" time="14.603" errors="0" timestamp="2025-12-22T17:52:45 IST">
  <testcase classname="TextExecution.orderhomepageExecutionclass" name="customerselleraddpayment" time="11.467"/>
  <testcase classname="TextExecution.orderhomepageExecutionclass" name="customersellerupdatedispatchhistory" time="0.0">
    <ignored/>
  </testcase> <!-- customersellerupdatedispatchhistory -->
  <testcase classname="TextExecution.orderhomepageExecutionclass" name="Buyerorderselectvendor" time="0.0">
    <ignored/>
  </testcase> <!-- Buyerorderselectvendor -->
  <testcase classname="TextExecution.orderhomepageExecutionclass" name="orderlistallstatusdropdownfunctionality" time="0.0">
    <ignored/>
  </testcase> <!-- orderlistallstatusdropdownfunctionality -->
  <testcase classname="TextExecution.orderhomepageExecutionclass" name="orderlistsearchfunctionality" time="0.0">
    <ignored/>
  </testcase> <!-- orderlistsearchfunctionality -->
  <testcase classname="TextExecution.orderhomepageExecutionclass" name="customerselleradddispatch" time="0.0">
    <ignored/>
  </testcase> <!-- customerselleradddispatch -->
  <testcase classname="TextExecution.orderhomepageExecutionclass" name="ownerorderselectvendor" time="0.0">
    <ignored/>
  </testcase> <!-- ownerorderselectvendor -->
</testsuite> <!-- Default test -->
