<?xml version="1.0" encoding="UTF-8"?>
<!-- Generated by org.testng.reporters.JUnitXMLReporter -->
<testsuite ignored="3" hostname="Active34" failures="0" tests="1" name="Test" time="10.21" errors="0" timestamp="2025-09-19T18:08:06 IST">
  <testcase classname="TextExecution.SigninExecutionclass" name="signinwithinvalidemailID" time="3.551"/>
  <testcase classname="TextExecution.SigninExecutionclass" name="signinloginwithotp" time="0.0">
    <ignored/>
  </testcase> <!-- signinloginwithotp -->
  <testcase classname="TextExecution.SigninExecutionclass" name="signinwithinvalidpassword" time="0.0">
    <ignored/>
  </testcase> <!-- signinwithinvalidpassword -->
  <testcase classname="TextExecution.SigninExecutionclass" name="signinpage" time="0.0">
    <ignored/>
  </testcase> <!-- signinpage -->
</testsuite> <!-- Test -->
