<?xml version="1.0" encoding="UTF-8"?>
<!-- Generated by org.testng.reporters.JUnitXMLReporter -->
<testsuite ignored="3" hostname="Active34" failures="0" tests="1" name="Test" time="26.917" errors="0" timestamp="2025-11-12T12:46:22 IST">
  <testcase classname="TextExecution.SigninExecutionclass" name="signinpage" time="3.815"/>
  <testcase classname="TextExecution.SigninExecutionclass" name="signinloginwithotp" time="0.0">
    <ignored/>
  </testcase> <!-- signinloginwithotp -->
  <testcase classname="TextExecution.SigninExecutionclass" name="signinwithinvalidemailID" time="0.0">
    <ignored/>
  </testcase> <!-- signinwithinvalidemailID -->
  <testcase classname="TextExecution.SigninExecutionclass" name="signinwithinvalidpassword" time="0.0">
    <ignored/>
  </testcase> <!-- signinwithinvalidpassword -->
</testsuite> <!-- Test -->
