<?xml version="1.0" encoding="UTF-8"?>
<testng-results ignored="0" total="1" passed="1" failed="0" skipped="0">
  <reporter-output>
  </reporter-output>
  <suite started-at="2025-12-17T15:27:19 IST" name="Default suite" finished-at="2025-12-17T15:27:54 IST" duration-ms="34919">
    <groups>
    </groups>
    <test started-at="2025-12-17T15:27:19 IST" name="Default test" finished-at="2025-12-17T15:27:54 IST" duration-ms="34919">
      <class name="TextExecution.negotiationexecutionclass">
        <test-method is-config="true" signature="setup()[pri:0, instance:TextExecution.negotiationexecutionclass@661972b0]" started-at="2025-12-17T15:27:19 IST" name="setup" finished-at="2025-12-17T15:27:21 IST" duration-ms="2102" status="PASS">
          <reporter-output>
          </reporter-output>
        </test-method> <!-- setup -->
        <test-method signature="Expressinterest()[pri:1, instance:TextExecution.negotiationexecutionclass@661972b0]" started-at="2025-12-17T15:27:21 IST" name="Expressinterest" finished-at="2025-12-17T15:27:54 IST" duration-ms="32664" status="PASS">
          <reporter-output>
          </reporter-output>
        </test-method> <!-- Expressinterest -->
        <test-method is-config="true" signature="tear(org.testng.ITestResult)[pri:0, instance:TextExecution.negotiationexecutionclass@661972b0]" started-at="2025-12-17T15:27:54 IST" name="tear" finished-at="2025-12-17T15:27:54 IST" duration-ms="109" status="PASS">
          <params>
            <param index="0">
              <value>
                <![CDATA[[TestResult name=Expressinterest status=SUCCESS method=negotiationexecutionclass.Expressinterest()[pri:1, instance:TextExecution.negotiationexecutionclass@661972b0] output={null}]]]>
              </value>
            </param>
          </params>
          <reporter-output>
          </reporter-output>
        </test-method> <!-- tear -->
      </class> <!-- TextExecution.negotiationexecutionclass -->
    </test> <!-- Default test -->
  </suite> <!-- Default suite -->
</testng-results>
