<?xml version="1.0" encoding="UTF-8"?>
<testng-results ignored="0" total="1" passed="1" failed="0" skipped="0">
  <reporter-output>
  </reporter-output>
  <suite started-at="2025-10-31T12:40:05 IST" name="Default suite" finished-at="2025-10-31T12:40:52 IST" duration-ms="46591">
    <groups>
    </groups>
    <test started-at="2025-10-31T12:40:05 IST" name="Default test" finished-at="2025-10-31T12:40:52 IST" duration-ms="46591">
      <class name="TextExecution.createbusinessprofileExecutionclass">
        <test-method is-config="true" signature="setup()[pri:0, instance:TextExecution.createbusinessprofileExecutionclass@74e52303]" started-at="2025-10-31T12:40:05 IST" name="setup" finished-at="2025-10-31T12:40:12 IST" duration-ms="6384" status="PASS">
          <reporter-output>
          </reporter-output>
        </test-method> <!-- setup -->
        <test-method signature="createbusinessprofileExecutionclass()[pri:0, instance:TextExecution.createbusinessprofileExecutionclass@74e52303]" started-at="2025-10-31T12:40:12 IST" name="createbusinessprofileExecutionclass" finished-at="2025-10-31T12:40:52 IST" duration-ms="40018" status="PASS">
          <reporter-output>
          </reporter-output>
        </test-method> <!-- createbusinessprofileExecutionclass -->
        <test-method is-config="true" signature="tear(org.testng.ITestResult)[pri:0, instance:TextExecution.createbusinessprofileExecutionclass@74e52303]" started-at="2025-10-31T12:40:52 IST" name="tear" finished-at="2025-10-31T12:40:52 IST" duration-ms="140" status="PASS">
          <params>
            <param index="0">
              <value>
                <![CDATA[[TestResult name=createbusinessprofileExecutionclass status=SUCCESS method=createbusinessprofileExecutionclass.createbusinessprofileExecutionclass()[pri:0, instance:TextExecution.createbusinessprofileExecutionclass@74e52303] output={null}]]]>
              </value>
            </param>
          </params>
          <reporter-output>
          </reporter-output>
        </test-method> <!-- tear -->
      </class> <!-- TextExecution.createbusinessprofileExecutionclass -->
    </test> <!-- Default test -->
  </suite> <!-- Default suite -->
</testng-results>
