<?xml version="1.0" encoding="UTF-8"?>
<testng-results ignored="0" total="1" passed="1" failed="0" skipped="0">
  <reporter-output>
  </reporter-output>
  <suite started-at="2025-11-11T16:07:24 IST" name="Default suite" finished-at="2025-11-11T16:08:06 IST" duration-ms="41730">
    <groups>
    </groups>
    <test started-at="2025-11-11T16:07:24 IST" name="Default test" finished-at="2025-11-11T16:08:06 IST" duration-ms="41730">
      <class name="TextExecution.InternationalcreatebusinessprofileExecutionclass">
        <test-method is-config="true" signature="setup()[pri:0, instance:TextExecution.InternationalcreatebusinessprofileExecutionclass@74e52303]" started-at="2025-11-11T16:07:24 IST" name="setup" finished-at="2025-11-11T16:07:29 IST" duration-ms="4697" status="PASS">
          <reporter-output>
          </reporter-output>
        </test-method> <!-- setup -->
        <test-method signature="createbusinessprofileExecutionclass()[pri:0, instance:TextExecution.InternationalcreatebusinessprofileExecutionclass@74e52303]" started-at="2025-11-11T16:07:29 IST" name="createbusinessprofileExecutionclass" finished-at="2025-11-11T16:08:05 IST" duration-ms="36875" status="PASS">
          <reporter-output>
          </reporter-output>
        </test-method> <!-- createbusinessprofileExecutionclass -->
        <test-method is-config="true" signature="tear(org.testng.ITestResult)[pri:0, instance:TextExecution.InternationalcreatebusinessprofileExecutionclass@74e52303]" started-at="2025-11-11T16:08:05 IST" name="tear" finished-at="2025-11-11T16:08:06 IST" duration-ms="110" status="PASS">
          <params>
            <param index="0">
              <value>
                <![CDATA[[TestResult name=createbusinessprofileExecutionclass status=SUCCESS method=InternationalcreatebusinessprofileExecutionclass.createbusinessprofileExecutionclass()[pri:0, instance:TextExecution.InternationalcreatebusinessprofileExecutionclass@74e52303] output={null}]]]>
              </value>
            </param>
          </params>
          <reporter-output>
          </reporter-output>
        </test-method> <!-- tear -->
      </class> <!-- TextExecution.InternationalcreatebusinessprofileExecutionclass -->
    </test> <!-- Default test -->
  </suite> <!-- Default suite -->
</testng-results>
