<?xml version="1.0" encoding="UTF-8"?>
<testng-results ignored="0" total="1" passed="1" failed="0" skipped="0">
  <reporter-output>
  </reporter-output>
  <suite started-at="2025-12-23T11:35:17 IST" name="Default suite" finished-at="2025-12-23T11:36:25 IST" duration-ms="67703">
    <groups>
    </groups>
    <test started-at="2025-12-23T11:35:17 IST" name="Default test" finished-at="2025-12-23T11:36:25 IST" duration-ms="67703">
      <class name="TextExecution.InternationalcreatebusinessprofileExecutionclass">
        <test-method is-config="true" signature="setup()[pri:0, instance:TextExecution.InternationalcreatebusinessprofileExecutionclass@7c729a55]" started-at="2025-12-23T11:35:17 IST" name="setup" finished-at="2025-12-23T11:35:20 IST" duration-ms="2340" status="PASS">
          <reporter-output>
          </reporter-output>
        </test-method> <!-- setup -->
        <test-method signature="createbusinessprofileExecutionclass()[pri:0, instance:TextExecution.InternationalcreatebusinessprofileExecutionclass@7c729a55]" started-at="2025-12-23T11:35:20 IST" name="createbusinessprofileExecutionclass" finished-at="2025-12-23T11:36:25 IST" duration-ms="65192" status="PASS">
          <reporter-output>
          </reporter-output>
        </test-method> <!-- createbusinessprofileExecutionclass -->
        <test-method is-config="true" signature="tear(org.testng.ITestResult)[pri:0, instance:TextExecution.InternationalcreatebusinessprofileExecutionclass@7c729a55]" started-at="2025-12-23T11:36:25 IST" name="tear" finished-at="2025-12-23T11:36:25 IST" duration-ms="122" status="PASS">
          <params>
            <param index="0">
              <value>
                <![CDATA[[TestResult name=createbusinessprofileExecutionclass status=SUCCESS method=InternationalcreatebusinessprofileExecutionclass.createbusinessprofileExecutionclass()[pri:0, instance:TextExecution.InternationalcreatebusinessprofileExecutionclass@7c729a55] output={null}]]]>
              </value>
            </param>
          </params>
          <reporter-output>
          </reporter-output>
        </test-method> <!-- tear -->
      </class> <!-- TextExecution.InternationalcreatebusinessprofileExecutionclass -->
    </test> <!-- Default test -->
  </suite> <!-- Default suite -->
</testng-results>
