<?xml version="1.0" encoding="UTF-8"?>
<testng-results ignored="0" total="1" passed="1" failed="0" skipped="0">
  <reporter-output>
  </reporter-output>
  <suite started-at="2025-12-24T11:44:32 IST" name="Default suite" finished-at="2025-12-24T11:45:13 IST" duration-ms="40783">
    <groups>
    </groups>
    <test started-at="2025-12-24T11:44:32 IST" name="Default test" finished-at="2025-12-24T11:45:13 IST" duration-ms="40783">
      <class name="TextExecution.customerpaymentlistExecutionclass">
        <test-method is-config="true" signature="setup()[pri:0, instance:TextExecution.customerpaymentlistExecutionclass@7c729a55]" started-at="2025-12-24T11:44:32 IST" name="setup" finished-at="2025-12-24T11:44:37 IST" duration-ms="4872" status="PASS">
          <reporter-output>
          </reporter-output>
        </test-method> <!-- setup -->
        <test-method signature="paymentlistfunctionality()[pri:0, instance:TextExecution.customerpaymentlistExecutionclass@7c729a55]" started-at="2025-12-24T11:44:37 IST" name="paymentlistfunctionality" finished-at="2025-12-24T11:45:13 IST" duration-ms="35757" status="PASS">
          <reporter-output>
          </reporter-output>
        </test-method> <!-- paymentlistfunctionality -->
        <test-method is-config="true" signature="tear(org.testng.ITestResult)[pri:0, instance:TextExecution.customerpaymentlistExecutionclass@7c729a55]" started-at="2025-12-24T11:45:13 IST" name="tear" finished-at="2025-12-24T11:45:13 IST" duration-ms="105" status="PASS">
          <params>
            <param index="0">
              <value>
                <![CDATA[[TestResult name=paymentlistfunctionality status=SUCCESS method=customerpaymentlistExecutionclass.paymentlistfunctionality()[pri:0, instance:TextExecution.customerpaymentlistExecutionclass@7c729a55] output={null}]]]>
              </value>
            </param>
          </params>
          <reporter-output>
          </reporter-output>
        </test-method> <!-- tear -->
      </class> <!-- TextExecution.customerpaymentlistExecutionclass -->
    </test> <!-- Default test -->
  </suite> <!-- Default suite -->
</testng-results>
