<?xml version="1.0" encoding="UTF-8"?>
<testng-results ignored="0" total="1" passed="1" failed="0" skipped="0">
  <reporter-output>
  </reporter-output>
  <suite started-at="2025-12-18T10:35:24 IST" name="Default suite" finished-at="2025-12-18T10:35:36 IST" duration-ms="12315">
    <groups>
    </groups>
    <test started-at="2025-12-18T10:35:24 IST" name="Default test" finished-at="2025-12-18T10:35:36 IST" duration-ms="12315">
      <class name="TextExecution.orderhomepageExecutionclass">
        <test-method is-config="true" signature="setup()[pri:0, instance:TextExecution.orderhomepageExecutionclass@5af3afd9]" started-at="2025-12-18T10:35:24 IST" name="setup" finished-at="2025-12-18T10:35:26 IST" duration-ms="2044" status="PASS">
          <reporter-output>
          </reporter-output>
        </test-method> <!-- setup -->
        <test-method signature="ownerorderselectvendor()[pri:3, instance:TextExecution.orderhomepageExecutionclass@5af3afd9]" started-at="2025-12-18T10:35:26 IST" name="ownerorderselectvendor" finished-at="2025-12-18T10:35:36 IST" duration-ms="10084" status="PASS">
          <reporter-output>
          </reporter-output>
        </test-method> <!-- ownerorderselectvendor -->
        <test-method is-config="true" signature="tear(org.testng.ITestResult)[pri:0, instance:TextExecution.orderhomepageExecutionclass@5af3afd9]" started-at="2025-12-18T10:35:36 IST" name="tear" finished-at="2025-12-18T10:35:36 IST" duration-ms="124" status="PASS">
          <params>
            <param index="0">
              <value>
                <![CDATA[[TestResult name=ownerorderselectvendor status=SUCCESS method=orderhomepageExecutionclass.ownerorderselectvendor()[pri:3, instance:TextExecution.orderhomepageExecutionclass@5af3afd9] output={null}]]]>
              </value>
            </param>
          </params>
          <reporter-output>
          </reporter-output>
        </test-method> <!-- tear -->
      </class> <!-- TextExecution.orderhomepageExecutionclass -->
    </test> <!-- Default test -->
  </suite> <!-- Default suite -->
</testng-results>
