<?xml version="1.0" encoding="UTF-8"?>
<testng-results ignored="0" total="1" passed="1" failed="0" skipped="0">
  <reporter-output>
  </reporter-output>
  <suite started-at="2025-12-16T17:28:57 IST" name="Default suite" finished-at="2025-12-16T17:30:37 IST" duration-ms="100543">
    <groups>
    </groups>
    <test started-at="2025-12-16T17:28:57 IST" name="Default test" finished-at="2025-12-16T17:30:37 IST" duration-ms="100543">
      <class name="TextExecution.createlistingExecutionclass">
        <test-method is-config="true" signature="setup()[pri:0, instance:TextExecution.createlistingExecutionclass@3bb9a3ff]" started-at="2025-12-16T17:28:57 IST" name="setup" finished-at="2025-12-16T17:29:04 IST" duration-ms="7282" status="PASS">
          <reporter-output>
          </reporter-output>
        </test-method> <!-- setup -->
        <test-method signature="createlistingpage()[pri:1, instance:TextExecution.createlistingExecutionclass@3bb9a3ff]" started-at="2025-12-16T17:29:04 IST" name="createlistingpage" finished-at="2025-12-16T17:30:37 IST" duration-ms="93081" status="PASS">
          <reporter-output>
          </reporter-output>
        </test-method> <!-- createlistingpage -->
        <test-method is-config="true" signature="tear(org.testng.ITestResult)[pri:0, instance:TextExecution.createlistingExecutionclass@3bb9a3ff]" started-at="2025-12-16T17:30:37 IST" name="tear" finished-at="2025-12-16T17:30:37 IST" duration-ms="133" status="PASS">
          <params>
            <param index="0">
              <value>
                <![CDATA[[TestResult name=createlistingpage status=SUCCESS method=createlistingExecutionclass.createlistingpage()[pri:1, instance:TextExecution.createlistingExecutionclass@3bb9a3ff] output={null}]]]>
              </value>
            </param>
          </params>
          <reporter-output>
          </reporter-output>
        </test-method> <!-- tear -->
      </class> <!-- TextExecution.createlistingExecutionclass -->
    </test> <!-- Default test -->
  </suite> <!-- Default suite -->
</testng-results>
