<?xml version="1.0" encoding="UTF-8"?>
<testng-results ignored="0" total="1" passed="0" failed="1" skipped="0">
  <reporter-output>
  </reporter-output>
  <suite started-at="2025-11-20T17:42:20 IST" name="Default suite" finished-at="2025-11-20T17:42:24 IST" duration-ms="3508">
    <groups>
    </groups>
    <test started-at="2025-11-20T17:42:20 IST" name="Default test" finished-at="2025-11-20T17:42:24 IST" duration-ms="3508">
      <class name="TextExecution.BusinessaccountExecutionclass">
        <test-method is-config="true" signature="setup()[pri:0, instance:TextExecution.BusinessaccountExecutionclass@7c729a55]" started-at="2025-11-20T17:42:20 IST" name="setup" finished-at="2025-11-20T17:42:23 IST" duration-ms="2432" status="PASS">
          <reporter-output>
          </reporter-output>
        </test-method> <!-- setup -->
        <test-method signature="createbusinessaccountpage()[pri:0, instance:TextExecution.BusinessaccountExecutionclass@7c729a55]" started-at="2025-11-20T17:42:23 IST" name="createbusinessaccountpage" finished-at="2025-11-20T17:42:23 IST" duration-ms="399" status="FAIL">
          <exception class="java.lang.IllegalArgumentException">
            <message>
              <![CDATA[❌ Invalid role name: 258265878954 | Valid roles: Consumer, Importer, Trader, Domestic coal Manufacturer, International]]>
            </message>
            <full-stacktrace>
              <![CDATA[java.lang.IllegalArgumentException: ❌ Invalid role name: 258265878954 | Valid roles: Consumer, Importer, Trader, Domestic coal Manufacturer, International
at pageobject.createaccountpage.selectRole(createaccountpage.java:180)
at pageobject.createaccountpage.createbusinessaccount(createaccountpage.java:103)
at TextExecution.BusinessaccountExecutionclass.createbusinessaccountpage(BusinessaccountExecutionclass.java:17)
at java.base/jdk.internal.reflect.DirectMethodHandleAccessor.invoke(DirectMethodHandleAccessor.java:103)
at java.base/java.lang.reflect.Method.invoke(Method.java:580)
at org.testng.internal.invokers.MethodInvocationHelper.invokeMethod(MethodInvocationHelper.java:141)
at org.testng.internal.invokers.TestInvoker.invokeMethod(TestInvoker.java:686)
at org.testng.internal.invokers.TestInvoker.invokeTestMethod(TestInvoker.java:230)
at org.testng.internal.invokers.MethodRunner.runInSequence(MethodRunner.java:63)
at org.testng.internal.invokers.TestInvoker$MethodInvocationAgent.invoke(TestInvoker.java:992)
at org.testng.internal.invokers.TestInvoker.invokeTestMethods(TestInvoker.java:203)
at org.testng.internal.invokers.TestMethodWorker.invokeTestMethods(TestMethodWorker.java:154)
at org.testng.internal.invokers.TestMethodWorker.run(TestMethodWorker.java:134)
at java.base/java.util.ArrayList.forEach(ArrayList.java:1596)
at org.testng.TestRunner.privateRun(TestRunner.java:739)
at org.testng.TestRunner.run(TestRunner.java:614)
at org.testng.SuiteRunner.runTest(SuiteRunner.java:421)
at org.testng.SuiteRunner.runSequentially(SuiteRunner.java:413)
at org.testng.SuiteRunner.privateRun(SuiteRunner.java:373)
at org.testng.SuiteRunner.run(SuiteRunner.java:312)
at org.testng.SuiteRunnerWorker.runSuite(SuiteRunnerWorker.java:52)
at org.testng.SuiteRunnerWorker.run(SuiteRunnerWorker.java:95)
at org.testng.TestNG.runSuitesSequentially(TestNG.java:1274)
at org.testng.TestNG.runSuitesLocally(TestNG.java:1208)
at org.testng.TestNG.runSuites(TestNG.java:1112)
at org.testng.TestNG.run(TestNG.java:1079)
at org.testng.remote.AbstractRemoteTestNG.run(AbstractRemoteTestNG.java:115)
at org.testng.remote.RemoteTestNG.initAndRun(RemoteTestNG.java:293)
at org.testng.remote.RemoteTestNG.main(RemoteTestNG.java:91)
]]>
            </full-stacktrace>
          </exception> <!-- java.lang.IllegalArgumentException -->
          <reporter-output>
          </reporter-output>
        </test-method> <!-- createbusinessaccountpage -->
        <test-method is-config="true" signature="tear(org.testng.ITestResult)[pri:0, instance:TextExecution.BusinessaccountExecutionclass@7c729a55]" started-at="2025-11-20T17:42:23 IST" name="tear" finished-at="2025-11-20T17:42:24 IST" duration-ms="617" status="PASS">
          <params>
            <param index="0">
              <value>
                <![CDATA[[TestResult name=createbusinessaccountpage status=FAILURE method=BusinessaccountExecutionclass.createbusinessaccountpage()[pri:0, instance:TextExecution.BusinessaccountExecutionclass@7c729a55] output={null}]]]>
              </value>
            </param>
          </params>
          <reporter-output>
          </reporter-output>
        </test-method> <!-- tear -->
      </class> <!-- TextExecution.BusinessaccountExecutionclass -->
    </test> <!-- Default test -->
  </suite> <!-- Default suite -->
</testng-results>
