<?xml version="1.0" encoding="UTF-8"?>
<testng-results ignored="0" total="1" passed="1" failed="0" skipped="0">
  <reporter-output>
  </reporter-output>
  <suite started-at="2025-09-21T00:13:04 IST" name="Default suite" finished-at="2025-09-21T00:14:07 IST" duration-ms="62579">
    <groups>
    </groups>
    <test started-at="2025-09-21T00:13:04 IST" name="Default test" finished-at="2025-09-21T00:14:07 IST" duration-ms="62579">
      <class name="TextExecution.createlistingExecutionclass">
        <test-method is-config="true" signature="setup()[pri:0, instance:TextExecution.createlistingExecutionclass@43c1b556]" started-at="2025-09-21T00:13:04 IST" name="setup" finished-at="2025-09-21T00:13:10 IST" duration-ms="5986" status="PASS">
          <reporter-output>
          </reporter-output>
        </test-method> <!-- setup -->
        <test-method signature="createlistingpage()[pri:0, instance:TextExecution.createlistingExecutionclass@43c1b556]" started-at="2025-09-21T00:13:10 IST" name="createlistingpage" finished-at="2025-09-21T00:14:06 IST" duration-ms="56220" status="PASS">
          <reporter-output>
          </reporter-output>
        </test-method> <!-- createlistingpage -->
        <test-method is-config="true" signature="tear(org.testng.ITestResult)[pri:0, instance:TextExecution.createlistingExecutionclass@43c1b556]" started-at="2025-09-21T00:14:06 IST" name="tear" finished-at="2025-09-21T00:14:07 IST" duration-ms="293" status="PASS">
          <params>
            <param index="0">
              <value>
                <![CDATA[[TestResult name=createlistingpage status=SUCCESS method=createlistingExecutionclass.createlistingpage()[pri:0, instance:TextExecution.createlistingExecutionclass@43c1b556] output={null}]]]>
              </value>
            </param>
          </params>
          <reporter-output>
          </reporter-output>
        </test-method> <!-- tear -->
      </class> <!-- TextExecution.createlistingExecutionclass -->
    </test> <!-- Default test -->
  </suite> <!-- Default suite -->
</testng-results>
