<?xml version="1.0" encoding="UTF-8"?>
<testng-results ignored="0" total="1" passed="1" failed="0" skipped="0">
  <reporter-output>
  </reporter-output>
  <suite started-at="2025-11-12T16:38:24 IST" name="Default suite" finished-at="2025-11-12T16:41:10 IST" duration-ms="166704">
    <groups>
    </groups>
    <test started-at="2025-11-12T16:38:24 IST" name="Default test" finished-at="2025-11-12T16:41:10 IST" duration-ms="166704">
      <class name="TextExecution.ImportercreatebusinessprofileExecutionclass">
        <test-method is-config="true" signature="setup()[pri:0, instance:TextExecution.ImportercreatebusinessprofileExecutionclass@7c729a55]" started-at="2025-11-12T16:38:24 IST" name="setup" finished-at="2025-11-12T16:38:27 IST" duration-ms="2821" status="PASS">
          <reporter-output>
          </reporter-output>
        </test-method> <!-- setup -->
        <test-method signature="ImportercreatebusinessprofileExecutionclass()[pri:0, instance:TextExecution.ImportercreatebusinessprofileExecutionclass@7c729a55]" started-at="2025-11-12T16:38:27 IST" name="ImportercreatebusinessprofileExecutionclass" finished-at="2025-11-12T16:41:10 IST" duration-ms="163703" status="PASS">
          <reporter-output>
          </reporter-output>
        </test-method> <!-- ImportercreatebusinessprofileExecutionclass -->
        <test-method is-config="true" signature="tear(org.testng.ITestResult)[pri:0, instance:TextExecution.ImportercreatebusinessprofileExecutionclass@7c729a55]" started-at="2025-11-12T16:41:10 IST" name="tear" finished-at="2025-11-12T16:41:10 IST" duration-ms="123" status="PASS">
          <params>
            <param index="0">
              <value>
                <![CDATA[[TestResult name=ImportercreatebusinessprofileExecutionclass status=SUCCESS method=ImportercreatebusinessprofileExecutionclass.ImportercreatebusinessprofileExecutionclass()[pri:0, instance:TextExecution.ImportercreatebusinessprofileExecutionclass@7c729a55] output={null}]]]>
              </value>
            </param>
          </params>
          <reporter-output>
          </reporter-output>
        </test-method> <!-- tear -->
      </class> <!-- TextExecution.ImportercreatebusinessprofileExecutionclass -->
    </test> <!-- Default test -->
  </suite> <!-- Default suite -->
</testng-results>
