<?xml version="1.0" encoding="UTF-8"?>
<!-- Generated by org.testng.reporters.JUnitReportReporter -->
<testsuite hostname="Active34" failures="0" tests="2" name="TextExecution.createlistingExecutionclass" time="100.496" errors="0" timestamp="2025-12-16T17:30:38 IST" skipped="1">
  <testcase classname="TextExecution.createlistingExecutionclass" name="createlistingpage" time="100.496"/>
  <testcase classname="TextExecution.createlistingExecutionclass" name="createprivatemineslistingpage">
    <skipped/>
  </testcase> <!-- createprivatemineslistingpage -->
</testsuite> <!-- TextExecution.createlistingExecutionclass -->
