<?xml version="1.0" encoding="UTF-8"?>
<!-- Generated by org.testng.reporters.JUnitReportReporter -->
<testsuite hostname="Active34" failures="0" tests="1" name="TextExecution.consumercreatebusinessprofileExecutionclass" time="117.527" errors="0" timestamp="2025-11-12T11:38:26 IST" skipped="0">
  <testcase classname="TextExecution.consumercreatebusinessprofileExecutionclass" name="createbusinessprofileExecutionclass" time="117.527"/>
</testsuite> <!-- TextExecution.consumercreatebusinessprofileExecutionclass -->
