<?xml version="1.0" encoding="UTF-8"?>
<!-- Generated by org.testng.reporters.JUnitReportReporter -->
<testsuite hostname="Active34" failures="0" tests="4" name="TextExecution.SigninExecutionclass" time="26.874" errors="0" timestamp="2025-11-12T12:46:22 IST" skipped="3">
  <testcase classname="TextExecution.SigninExecutionclass" name="signinpage" time="26.874"/>
  <testcase classname="TextExecution.SigninExecutionclass" name="signinloginwithotp">
    <skipped/>
  </testcase> <!-- signinloginwithotp -->
  <testcase classname="TextExecution.SigninExecutionclass" name="signinwithinvalidemailID">
    <skipped/>
  </testcase> <!-- signinwithinvalidemailID -->
  <testcase classname="TextExecution.SigninExecutionclass" name="signinwithinvalidpassword">
    <skipped/>
  </testcase> <!-- signinwithinvalidpassword -->
</testsuite> <!-- TextExecution.SigninExecutionclass -->
