<?xml version="1.0" encoding="UTF-8"?>
<!-- Generated by org.testng.reporters.JUnitReportReporter -->
<testsuite hostname="Active34" failures="0" tests="1" name="TextExecution.ImportercreatebusinessprofileExecutionclass" time="127.880" errors="0" timestamp="2025-12-16T12:10:33 IST" skipped="0">
  <testcase classname="TextExecution.ImportercreatebusinessprofileExecutionclass" name="ImportercreatebusinessprofileExecutionclass" time="127.880"/>
</testsuite> <!-- TextExecution.ImportercreatebusinessprofileExecutionclass -->
