<?xml version="1.0" encoding="UTF-8"?>
<!-- Generated by org.testng.reporters.JUnitReportReporter -->
<testsuite hostname="Active34" failures="0" tests="1" name="TextExecution.InternationalcreatebusinessprofileExecutionclass" time="41.682" errors="0" timestamp="2025-11-11T16:08:06 IST" skipped="0">
  <testcase classname="TextExecution.InternationalcreatebusinessprofileExecutionclass" name="createbusinessprofileExecutionclass" time="41.682"/>
</testsuite> <!-- TextExecution.InternationalcreatebusinessprofileExecutionclass -->
