<?xml version="1.0" encoding="UTF-8"?>
<!-- Generated by org.testng.reporters.JUnitReportReporter -->
<testsuite hostname="Active34" failures="0" tests="1" name="TextExecution.traderandDomesticcreatebusinessprofileExecutionclass" time="129.408" errors="0" timestamp="2025-11-12T12:02:06 IST" skipped="0">
  <testcase classname="TextExecution.traderandDomesticcreatebusinessprofileExecutionclass" name="TradercreatebusinessprofileExecutionclass" time="129.408"/>
</testsuite> <!-- TextExecution.traderandDomesticcreatebusinessprofileExecutionclass -->
