<?xml version="1.0" encoding="UTF-8"?>
<!-- Generated by org.testng.reporters.JUnitReportReporter -->
<testsuite hostname="Active34" failures="0" tests="7" name="TextExecution.orderhomepageExecutionclass" time="14.548" errors="0" timestamp="2025-12-22T17:52:46 IST" skipped="6">
  <testcase classname="TextExecution.orderhomepageExecutionclass" name="customerselleraddpayment" time="14.548"/>
  <testcase classname="TextExecution.orderhomepageExecutionclass" name="customersellerupdatedispatchhistory">
    <skipped/>
  </testcase> <!-- customersellerupdatedispatchhistory -->
  <testcase classname="TextExecution.orderhomepageExecutionclass" name="Buyerorderselectvendor">
    <skipped/>
  </testcase> <!-- Buyerorderselectvendor -->
  <testcase classname="TextExecution.orderhomepageExecutionclass" name="orderlistallstatusdropdownfunctionality">
    <skipped/>
  </testcase> <!-- orderlistallstatusdropdownfunctionality -->
  <testcase classname="TextExecution.orderhomepageExecutionclass" name="orderlistsearchfunctionality">
    <skipped/>
  </testcase> <!-- orderlistsearchfunctionality -->
  <testcase classname="TextExecution.orderhomepageExecutionclass" name="customerselleradddispatch">
    <skipped/>
  </testcase> <!-- customerselleradddispatch -->
  <testcase classname="TextExecution.orderhomepageExecutionclass" name="ownerorderselectvendor">
    <skipped/>
  </testcase> <!-- ownerorderselectvendor -->
</testsuite> <!-- TextExecution.orderhomepageExecutionclass -->
