<?xml version="1.0" encoding="UTF-8"?>
<!-- Generated by org.testng.reporters.JUnitReportReporter -->
<testsuite hostname="Active34" failures="0" tests="4" name="TextExecution.orderhomepageExecutionclass" time="12.252" errors="0" timestamp="2025-12-18T10:35:36 IST" skipped="3">
  <testcase classname="TextExecution.orderhomepageExecutionclass" name="ownerorderselectvendor" time="12.252"/>
  <testcase classname="TextExecution.orderhomepageExecutionclass" name="orderlistallstatusdropdownfunctionality">
    <skipped/>
  </testcase> <!-- orderlistallstatusdropdownfunctionality -->
  <testcase classname="TextExecution.orderhomepageExecutionclass" name="Buyerorderselectvendor">
    <skipped/>
  </testcase> <!-- Buyerorderselectvendor -->
  <testcase classname="TextExecution.orderhomepageExecutionclass" name="orderlistsearchfunctionality">
    <skipped/>
  </testcase> <!-- orderlistsearchfunctionality -->
</testsuite> <!-- TextExecution.orderhomepageExecutionclass -->
