<?xml version="1.0" encoding="UTF-8"?>
<!-- Generated by org.testng.reporters.JUnitReportReporter -->
<testsuite hostname="Active34" failures="0" tests="1" name="TextExecution.ImportercreatebusinessprofileExecutionclass" time="166.647" errors="0" timestamp="2025-11-12T16:41:11 IST" skipped="0">
  <testcase classname="TextExecution.ImportercreatebusinessprofileExecutionclass" name="ImportercreatebusinessprofileExecutionclass" time="166.647"/>
</testsuite> <!-- TextExecution.ImportercreatebusinessprofileExecutionclass -->
