<?xml version="1.0" encoding="UTF-8"?>
<!-- Generated by org.testng.reporters.JUnitReportReporter -->
<testsuite hostname="Active34" failures="0" tests="2" name="TextExecution.negotiationhomepageExecutionclass" time="18.399" errors="0" timestamp="2025-12-24T10:32:55 IST" skipped="0">
  <testcase classname="TextExecution.negotiationhomepageExecutionclass" name="mylistingsearchfunctionality" time="11.416"/>
  <testcase classname="TextExecution.negotiationhomepageExecutionclass" name="participatedsearchfunctionality" time="6.983"/>
</testsuite> <!-- TextExecution.negotiationhomepageExecutionclass -->
