<?xml version="1.0" encoding="UTF-8"?>
<!-- Generated by org.testng.reporters.JUnitReportReporter -->
<testsuite hostname="Active34" failures="0" tests="1" name="TextExecution.traderandDomesticcreatebusinessprofileExecutionclass" time="186.605" errors="0" timestamp="2025-12-16T14:46:46 IST" skipped="0">
  <testcase classname="TextExecution.traderandDomesticcreatebusinessprofileExecutionclass" name="TradercreatebusinessprofileExecutionclass" time="186.605"/>
</testsuite> <!-- TextExecution.traderandDomesticcreatebusinessprofileExecutionclass -->
