<?xml version="1.0" encoding="UTF-8"?>
<!-- Generated by org.testng.reporters.JUnitReportReporter -->
<testsuite hostname="Active34" failures="0" tests="1" name="TextExecution.consumercreatebusinessprofileExecutionclass" time="145.976" errors="0" timestamp="2025-12-17T14:27:57 IST" skipped="0">
  <testcase classname="TextExecution.consumercreatebusinessprofileExecutionclass" name="createbusinessprofileExecutionclass" time="145.976"/>
</testsuite> <!-- TextExecution.consumercreatebusinessprofileExecutionclass -->
