<?xml version="1.0" encoding="UTF-8"?>
<!-- Generated by org.testng.reporters.JUnitReportReporter -->
<testsuite hostname="Active34" failures="0" tests="2" name="TextExecution.createlistingExecutionclass" time="55.642" errors="0" timestamp="2025-12-17T12:50:52 IST" skipped="1">
  <testcase classname="TextExecution.createlistingExecutionclass" name="createprivatemineslistingpage" time="55.642"/>
  <testcase classname="TextExecution.createlistingExecutionclass" name="createlistingpage">
    <skipped/>
  </testcase> <!-- createlistingpage -->
</testsuite> <!-- TextExecution.createlistingExecutionclass -->
