<?xml version="1.0" encoding="UTF-8"?>
<!-- Generated by org.testng.reporters.JUnitReportReporter -->
<testsuite hostname="Active34" failures="0" tests="3" name="TextExecution.negotiationexecutionclass" time="34.875" errors="0" timestamp="2025-12-17T15:27:54 IST" skipped="2">
  <testcase classname="TextExecution.negotiationexecutionclass" name="Expressinterest" time="34.875"/>
  <testcase classname="TextExecution.negotiationexecutionclass" name="NegotiatorNegotiation">
    <skipped/>
  </testcase> <!-- NegotiatorNegotiation -->
  <testcase classname="TextExecution.negotiationexecutionclass" name="OwnerNegotiation">
    <skipped/>
  </testcase> <!-- OwnerNegotiation -->
</testsuite> <!-- TextExecution.negotiationexecutionclass -->
