<?xml version="1.0" encoding="UTF-8"?>
<!-- Generated by org.testng.reporters.JUnitReportReporter -->
<testsuite hostname="Active34" failures="0" tests="1" name="TextExecution.InternationalcreatebusinessprofileExecutionclass" time="70.786" errors="0" timestamp="2025-12-16T16:03:10 IST" skipped="0">
  <testcase classname="TextExecution.InternationalcreatebusinessprofileExecutionclass" name="createbusinessprofileExecutionclass" time="70.786"/>
</testsuite> <!-- TextExecution.InternationalcreatebusinessprofileExecutionclass -->
